HyperCasualGame/Temp/gradleOut/launcher/build/intermediates/manifest_merge_blame_file/release/manifest-merger-blame-release-report.txt
1<?xml version="1.0" encoding="utf-8"?>
2<!-- GENERATED BY UNITY. REMOVE THIS COMMENT TO PREVENT OVERWRITING WHEN EXPORTING AGAIN -->
3<manifest xmlns:android="http://schemas.android.com/apk/res/android"
4    package="com.KGA.KacasHyperCasualGame"
5    android:installLocation="preferExternal"
6    android:versionCode="1"
7    android:versionName="0.1" >
8
9    <uses-sdk
10        android:minSdkVersion="19"
10-->src\main\AndroidManifest.xml
11        android:targetSdkVersion="30" />
11-->src\main\AndroidManifest.xml
12
13    <supports-screens
13-->src\main\AndroidManifest.xml:4:3-163
14        android:anyDensity="true"
14-->src\main\AndroidManifest.xml:4:135-160
15        android:largeScreens="true"
15-->src\main\AndroidManifest.xml:4:78-105
16        android:normalScreens="true"
16-->src\main\AndroidManifest.xml:4:49-77
17        android:smallScreens="true"
17-->src\main\AndroidManifest.xml:4:21-48
18        android:xlargeScreens="true" />
18-->src\main\AndroidManifest.xml:4:106-134
19
20    <uses-feature android:glEsVersion="0x00030000" />
20-->[:unityLibrary] AndroidManifest.xml:19:5-54
20-->[:unityLibrary] AndroidManifest.xml:19:19-51
21    <uses-feature
21-->[:unityLibrary] AndroidManifest.xml:20:5-22:36
22        android:name="android.hardware.vulkan.version"
22-->[:unityLibrary] AndroidManifest.xml:21:9-55
23        android:required="false" />
23-->[:unityLibrary] AndroidManifest.xml:22:9-33
24
25    <uses-permission android:name="android.permission.INTERNET" />
25-->[:unityLibrary] AndroidManifest.xml:24:5-67
25-->[:unityLibrary] AndroidManifest.xml:24:22-64
26
27    <uses-feature
27-->[:unityLibrary] AndroidManifest.xml:26:5-28:36
28        android:name="android.hardware.touchscreen"
28-->[:unityLibrary] AndroidManifest.xml:27:9-52
29        android:required="false" />
29-->[:unityLibrary] AndroidManifest.xml:28:9-33
30    <uses-feature
30-->[:unityLibrary] AndroidManifest.xml:29:5-31:36
31        android:name="android.hardware.touchscreen.multitouch"
31-->[:unityLibrary] AndroidManifest.xml:30:9-63
32        android:required="false" />
32-->[:unityLibrary] AndroidManifest.xml:31:9-33
33    <uses-feature
33-->[:unityLibrary] AndroidManifest.xml:32:5-34:36
34        android:name="android.hardware.touchscreen.multitouch.distinct"
34-->[:unityLibrary] AndroidManifest.xml:33:9-72
35        android:required="false" />
35-->[:unityLibrary] AndroidManifest.xml:34:9-33
36
37    <uses-permission android:name="android.permission.ACCESS_NETWORK_STATE" />
37-->[:gameanalytics:] AndroidManifest.xml:10:5-79
37-->[:gameanalytics:] AndroidManifest.xml:10:22-76
38    <uses-permission android:name="android.permission.WAKE_LOCK" />
38-->[:gameanalytics:] AndroidManifest.xml:11:5-68
38-->[:gameanalytics:] AndroidManifest.xml:11:22-65
39
40    <application
40-->src\main\AndroidManifest.xml:5:3-116
41        android:debuggable="true"
41-->[:unityLibrary] AndroidManifest.xml:37:9-34
42        android:extractNativeLibs="true"
42-->src\main\AndroidManifest.xml:5:16-48
43        android:icon="@mipmap/app_icon"
43-->src\main\AndroidManifest.xml:5:82-113
44        android:label="@string/app_name"
44-->src\main\AndroidManifest.xml:5:49-81
45        android:theme="@android:style/Theme.NoTitleBar.Fullscreen" >
45-->[:unityLibrary] AndroidManifest.xml:40:9-67
46        <activity
46-->[:unityLibrary] AndroidManifest.xml:41:9-61:20
47            android:name="com.unity3d.player.UnityPlayerActivity"
47-->[:unityLibrary] AndroidManifest.xml:42:13-66
48            android:configChanges="mcc|mnc|locale|touchscreen|keyboard|keyboardHidden|navigation|orientation|screenLayout|uiMode|screenSize|smallestScreenSize|fontScale|layoutDirection|density"
48-->[:unityLibrary] AndroidManifest.xml:43:13-194
49            android:hardwareAccelerated="false"
49-->[:unityLibrary] AndroidManifest.xml:44:13-48
50            android:label="@string/app_name"
50-->[:unityLibrary] AndroidManifest.xml:45:13-45
51            android:launchMode="singleTask"
51-->[:unityLibrary] AndroidManifest.xml:46:13-44
52            android:resizeableActivity="false"
52-->[:unityLibrary] AndroidManifest.xml:47:13-47
53            android:screenOrientation="fullUser" >
53-->[:unityLibrary] AndroidManifest.xml:48:13-49
54            <intent-filter>
54-->[:unityLibrary] AndroidManifest.xml:49:13-53:29
55                <action android:name="android.intent.action.MAIN" />
55-->[:unityLibrary] AndroidManifest.xml:50:17-69
55-->[:unityLibrary] AndroidManifest.xml:50:25-66
56
57                <category android:name="android.intent.category.LAUNCHER" />
57-->[:unityLibrary] AndroidManifest.xml:52:17-77
57-->[:unityLibrary] AndroidManifest.xml:52:27-74
58            </intent-filter>
59
60            <meta-data
60-->[:unityLibrary] AndroidManifest.xml:55:13-57:40
61                android:name="unityplayer.UnityActivity"
61-->[:unityLibrary] AndroidManifest.xml:56:17-57
62                android:value="true" />
62-->[:unityLibrary] AndroidManifest.xml:57:17-37
63            <meta-data
63-->[:unityLibrary] AndroidManifest.xml:58:13-60:40
64                android:name="android.notch_support"
64-->[:unityLibrary] AndroidManifest.xml:59:17-53
65                android:value="true" />
65-->[:unityLibrary] AndroidManifest.xml:60:17-37
66        </activity>
67        <activity
67-->[:unityLibrary] AndroidManifest.xml:62:9-65:86
68            android:name="com.facebook.unity.FBUnityLoginActivity"
68-->[:unityLibrary] AndroidManifest.xml:63:13-67
69            android:configChanges="fontScale|keyboard|keyboardHidden|locale|mnc|mcc|navigation|orientation|screenLayout|screenSize|smallestScreenSize|uiMode|touchscreen"
69-->[:unityLibrary] AndroidManifest.xml:64:13-170
70            android:theme="@android:style/Theme.Translucent.NoTitleBar.Fullscreen" />
70-->[:unityLibrary] AndroidManifest.xml:65:13-83
71        <activity
71-->[:unityLibrary] AndroidManifest.xml:66:9-69:86
72            android:name="com.facebook.unity.FBUnityDialogsActivity"
72-->[:unityLibrary] AndroidManifest.xml:67:13-69
73            android:configChanges="fontScale|keyboard|keyboardHidden|locale|mnc|mcc|navigation|orientation|screenLayout|screenSize|smallestScreenSize|uiMode|touchscreen"
73-->[:unityLibrary] AndroidManifest.xml:68:13-170
74            android:theme="@android:style/Theme.Translucent.NoTitleBar.Fullscreen" />
74-->[:unityLibrary] AndroidManifest.xml:69:13-83
75        <activity
75-->[:unityLibrary] AndroidManifest.xml:70:9-73:86
76            android:name="com.facebook.unity.FBUnityGamingServicesFriendFinderActivity"
76-->[:unityLibrary] AndroidManifest.xml:71:13-88
77            android:configChanges="fontScale|keyboard|keyboardHidden|locale|mnc|mcc|navigation|orientation|screenLayout|screenSize|smallestScreenSize|uiMode|touchscreen"
77-->[:unityLibrary] AndroidManifest.xml:72:13-170
78            android:theme="@android:style/Theme.Translucent.NoTitleBar.Fullscreen" />
78-->[:unityLibrary] AndroidManifest.xml:73:13-83
79        <activity
79-->[:unityLibrary] AndroidManifest.xml:74:9-76:39
80            android:name="com.facebook.unity.FBUnityAppLinkActivity"
80-->[:unityLibrary] AndroidManifest.xml:75:13-69
81            android:exported="true" />
81-->[:unityLibrary] AndroidManifest.xml:76:13-36
82        <activity
82-->[:unityLibrary] AndroidManifest.xml:77:9-79:39
83            android:name="com.facebook.unity.FBUnityDeepLinkingActivity"
83-->[:unityLibrary] AndroidManifest.xml:78:13-73
84            android:exported="true" />
84-->[:unityLibrary] AndroidManifest.xml:79:13-36
85        <activity android:name="com.facebook.unity.FBUnityGameRequestActivity" />
85-->[:unityLibrary] AndroidManifest.xml:80:9-82
85-->[:unityLibrary] AndroidManifest.xml:80:19-79
86
87        <meta-data
87-->[:unityLibrary] AndroidManifest.xml:82:9-84:50
88            android:name="com.facebook.sdk.ApplicationId"
88-->[:unityLibrary] AndroidManifest.xml:83:13-58
89            android:value="fb3163229147228327" />
89-->[:unityLibrary] AndroidManifest.xml:84:13-47
90        <meta-data
90-->[:unityLibrary] AndroidManifest.xml:85:9-87:64
91            android:name="com.facebook.sdk.ClientToken"
91-->[:unityLibrary] AndroidManifest.xml:86:13-56
92            android:value="4c1fb6e5e0b951c985422158a9f49402" />
92-->[:unityLibrary] AndroidManifest.xml:87:13-61
93        <meta-data
93-->[:unityLibrary] AndroidManifest.xml:88:9-90:36
94            android:name="com.facebook.sdk.AutoLogAppEventsEnabled"
94-->[:unityLibrary] AndroidManifest.xml:89:13-68
95            android:value="true" />
95-->[:unityLibrary] AndroidManifest.xml:90:13-33
96        <meta-data
96-->[:unityLibrary] AndroidManifest.xml:91:9-93:36
97            android:name="com.facebook.sdk.AdvertiserIDCollectionEnabled"
97-->[:unityLibrary] AndroidManifest.xml:92:13-74
98            android:value="true" />
98-->[:unityLibrary] AndroidManifest.xml:93:13-33
99
100        <provider
100-->[:unityLibrary] AndroidManifest.xml:95:9-98:39
101            android:name="com.facebook.FacebookContentProvider"
101-->[:unityLibrary] AndroidManifest.xml:96:13-64
102            android:authorities="com.facebook.app.FacebookContentProvider3163229147228327"
102-->[:unityLibrary] AndroidManifest.xml:97:13-91
103            android:exported="true" />
103-->[:unityLibrary] AndroidManifest.xml:98:13-36
104
105        <meta-data
105-->[:unityLibrary] AndroidManifest.xml:100:9-102:33
106            android:name="unity.splash-mode"
106-->[:unityLibrary] AndroidManifest.xml:101:13-45
107            android:value="0" />
107-->[:unityLibrary] AndroidManifest.xml:102:13-30
108        <meta-data
108-->[:unityLibrary] AndroidManifest.xml:103:9-105:36
109            android:name="unity.splash-enable"
109-->[:unityLibrary] AndroidManifest.xml:104:13-47
110            android:value="True" />
110-->[:unityLibrary] AndroidManifest.xml:105:13-33
111        <meta-data
111-->[:unityLibrary] AndroidManifest.xml:106:9-108:37
112            android:name="unity.allow-resizable-window"
112-->[:unityLibrary] AndroidManifest.xml:107:13-56
113            android:value="False" />
113-->[:unityLibrary] AndroidManifest.xml:108:13-34
114        <meta-data
114-->[:unityLibrary] AndroidManifest.xml:109:9-111:50
115            android:name="notch.config"
115-->[:unityLibrary] AndroidManifest.xml:110:13-40
116            android:value="portrait|landscape" />
116-->[:unityLibrary] AndroidManifest.xml:111:13-47
117        <meta-data
117-->[:unityLibrary] AndroidManifest.xml:112:9-114:68
118            android:name="unity.build-id"
118-->[:unityLibrary] AndroidManifest.xml:113:13-42
119            android:value="fdd65dd9-0456-469c-ba21-4656ad4b6489" />
119-->[:unityLibrary] AndroidManifest.xml:114:13-65
120
121        <service
121-->[:gameanalytics:] AndroidManifest.xml:14:9-17:65
122            android:name="com.gameanalytics.sdk.errorreporter.GameAnalyticsExceptionReportService"
122-->[:gameanalytics:] AndroidManifest.xml:15:13-99
123            android:permission="android.permission.BIND_JOB_SERVICE"
123-->[:gameanalytics:] AndroidManifest.xml:16:13-69
124            android:process=":gameAnalyticsExceptionReporter" />
124-->[:gameanalytics:] AndroidManifest.xml:17:13-62
125    </application>
126
127</manifest>